This is pdfTeX, Version 3.1415926-2.5-1.40.14 (MiKTeX 2.9 64-bit) (preloaded format=pdflatex 2015.8.26)  26 AUG 2015 11:58
entering extended mode
**stevensThesis.tex

("C:\Users\Rodrigo\Dropbox\Mestrado EUA\Master Thesis - One Neural Network to r
ule them all\LatexMasters\stevensThesis.tex"
LaTeX2e <2011/06/27>
Babel <v3.8m> and hyphenation patterns for english, afrikaans, ancientgreek, ar
abic, armenian, assamese, basque, bengali, bokmal, bulgarian, catalan, coptic, 
croatian, czech, danish, dutch, esperanto, estonian, farsi, finnish, french, ga
lician, german, german-x-2013-05-26, greek, gujarati, hindi, hungarian, iceland
ic, indonesian, interlingua, irish, italian, kannada, kurmanji, latin, latvian,
 lithuanian, malayalam, marathi, mongolian, mongolianlmc, monogreek, ngerman, n
german-x-2013-05-26, nynorsk, oriya, panjabi, pinyin, polish, portuguese, roman
ian, russian, sanskrit, serbian, slovak, slovenian, spanish, swedish, swissgerm
an, tamil, telugu, turkish, turkmen, ukenglish, ukrainian, uppersorbian, usengl
ishmax, welsh, loaded.
("C:\Program Files\MiKTeX 2.9\tex\latex\base\report.cls"
Document Class: report 2007/10/19 v1.4h Standard LaTeX document class
("C:\Program Files\MiKTeX 2.9\tex\latex\base\size12.clo"
File: size12.clo 2007/10/19 v1.4h Standard LaTeX file (size option)
)
\c@part=\count79
\c@chapter=\count80
\c@section=\count81
\c@subsection=\count82
\c@subsubsection=\count83
\c@paragraph=\count84
\c@subparagraph=\count85
\c@figure=\count86
\c@table=\count87
\abovecaptionskip=\skip41
\belowcaptionskip=\skip42
\bibindent=\dimen102
)
("C:\Program Files\MiKTeX 2.9\tex\latex\fancyhdr\fancyhdr.sty"
\fancy@headwidth=\skip43
\f@ncyO@elh=\skip44
\f@ncyO@erh=\skip45
\f@ncyO@olh=\skip46
\f@ncyO@orh=\skip47
\f@ncyO@elf=\skip48
\f@ncyO@erf=\skip49
\f@ncyO@olf=\skip50
\f@ncyO@orf=\skip51
)
("C:\Program Files\MiKTeX 2.9\tex\latex\graphics\graphicx.sty"
Package: graphicx 1999/02/16 v1.0f Enhanced LaTeX Graphics (DPC,SPQR)

("C:\Program Files\MiKTeX 2.9\tex\latex\graphics\keyval.sty"
Package: keyval 1999/03/16 v1.13 key=value parser (DPC)
\KV@toks@=\toks14
)
("C:\Program Files\MiKTeX 2.9\tex\latex\graphics\graphics.sty"
Package: graphics 2009/02/05 v1.0o Standard LaTeX Graphics (DPC,SPQR)

("C:\Program Files\MiKTeX 2.9\tex\latex\graphics\trig.sty"
Package: trig 1999/03/16 v1.09 sin cos tan (DPC)
)
("C:\Program Files\MiKTeX 2.9\tex\latex\00miktex\graphics.cfg"
File: graphics.cfg 2007/01/18 v1.5 graphics configuration of teTeX/TeXLive
)
Package graphics Info: Driver file: pdftex.def on input line 91.

("C:\Program Files\MiKTeX 2.9\tex\latex\pdftex-def\pdftex.def"
File: pdftex.def 2011/05/27 v0.06d Graphics/color for pdfTeX

("C:\Program Files\MiKTeX 2.9\tex\generic\oberdiek\infwarerr.sty"
Package: infwarerr 2010/04/08 v1.3 Providing info/warning/error messages (HO)
)
("C:\Program Files\MiKTeX 2.9\tex\generic\oberdiek\ltxcmds.sty"
Package: ltxcmds 2011/11/09 v1.22 LaTeX kernel commands for general use (HO)
)
\Gread@gobject=\count88
))
\Gin@req@height=\dimen103
\Gin@req@width=\dimen104
)
("C:\Program Files\MiKTeX 2.9\tex\latex\amsfonts\amssymb.sty"
Package: amssymb 2013/01/14 v3.01 AMS font symbols

("C:\Program Files\MiKTeX 2.9\tex\latex\amsfonts\amsfonts.sty"
Package: amsfonts 2013/01/14 v3.01 Basic AMSFonts support
\@emptytoks=\toks15
\symAMSa=\mathgroup4
\symAMSb=\mathgroup5
LaTeX Font Info:    Overwriting math alphabet `\mathfrak' in version `bold'
(Font)                  U/euf/m/n --> U/euf/b/n on input line 106.
))
("C:\Program Files\MiKTeX 2.9\tex\latex\changepage\changepage.sty"
Package: changepage 2009/10/20 v1.0c check page and change page layout
\c@cp@cntr=\count89
\cp@tempcnt=\count90
)
("C:\Program Files\MiKTeX 2.9\tex\latex\rotating\rotating.sty"
Package: rotating 2009/03/28 v2.16a rotated objects in LaTeX

("C:\Program Files\MiKTeX 2.9\tex\latex\base\ifthen.sty"
Package: ifthen 2001/05/26 v1.1c Standard LaTeX ifthen package (DPC)
)
\c@r@tfl@t=\count91
\rotFPtop=\skip52
\rotFPbot=\skip53
\rot@float@box=\box26
\rot@mess@toks=\toks16
)
("C:\Program Files\MiKTeX 2.9\tex\latex\setspace\setspace.sty"
Package: setspace 2011/12/19 v6.7a set line spacing
)
("C:\Users\Rodrigo\Dropbox\Mestrado EUA\Master Thesis - One Neural Network to r
ule them all\LatexMasters\pgnumchapter_nums.sty")
("C:\Users\Rodrigo\Dropbox\Mestrado EUA\Master Thesis - One Neural Network to r
ule them all\LatexMasters\titlepg.sty")
No file stevensThesis.aux.
LaTeX Font Info:    Checking defaults for OML/cmm/m/it on input line 149.
LaTeX Font Info:    ... okay on input line 149.
LaTeX Font Info:    Checking defaults for T1/cmr/m/n on input line 149.
LaTeX Font Info:    ... okay on input line 149.
LaTeX Font Info:    Checking defaults for OT1/cmr/m/n on input line 149.
LaTeX Font Info:    ... okay on input line 149.
LaTeX Font Info:    Checking defaults for OMS/cmsy/m/n on input line 149.
LaTeX Font Info:    ... okay on input line 149.
LaTeX Font Info:    Checking defaults for OMX/cmex/m/n on input line 149.
LaTeX Font Info:    ... okay on input line 149.
LaTeX Font Info:    Checking defaults for U/cmr/m/n on input line 149.
LaTeX Font Info:    ... okay on input line 149.
("C:\Program Files\MiKTeX 2.9\tex\context\base\supp-pdf.mkii"
[Loading MPS to PDF converter (version 2006.09.02).]
\scratchcounter=\count92
\scratchdimen=\dimen105
\scratchbox=\box27
\nofMPsegments=\count93
\nofMParguments=\count94
\everyMPshowfont=\toks17
\MPscratchCnt=\count95
\MPscratchDim=\dimen106
\MPnumerator=\count96
\makeMPintoPDFobject=\count97
\everyMPtoPDFconversion=\toks18
)
LaTeX Font Info:    Try loading font information for U+msa on input line 153.
 ("C:\Program Files\MiKTeX 2.9\tex\latex\amsfonts\umsa.fd"
File: umsa.fd 2013/01/14 v3.01 AMS symbols A
)
LaTeX Font Info:    Try loading font information for U+msb on input line 153.

("C:\Program Files\MiKTeX 2.9\tex\latex\amsfonts\umsb.fd"
File: umsb.fd 2013/01/14 v3.01 AMS symbols B
)
Overfull \hbox (3.64174pt too wide) in paragraph at lines 153--153
[]
 []


Overfull \hbox (3.64174pt too wide) in paragraph at lines 153--153
[] 
 []


Overfull \hbox (3.64174pt too wide) in paragraph at lines 153--153
[] 
 []


Underfull \hbox (badness 10000) in paragraph at lines 153--153

 []

[1

{C:/ProgramData/MiKTeX/2.9/pdftex/config/pdftex.map}]
LaTeX Font Info:    Try loading font information for OMS+cmr on input line 155.


("C:\Program Files\MiKTeX 2.9\tex\latex\base\omscmr.fd"
File: omscmr.fd 1999/05/25 v2.5h Standard LaTeX font definitions
)
LaTeX Font Info:    Font shape `OMS/cmr/m/n' in size <12> not available
(Font)              Font shape `OMS/cmsy/m/n' tried instead on input line 155.
 [2]
Missing character: There is no Â in font cmr12!
Missing character: There is no ½ in font cmr12!

Underfull \hbox (badness 10000) in paragraph at lines 158--158

 []

[3] [4] [5]
No file stevensThesis.toc.
\tf@toc=\write3
[6

]
No file stevensThesis.lot.
\tf@lot=\write4
[7

]
No file stevensThesis.lof.
\tf@lof=\write5
[8

]
("C:\Users\Rodrigo\Dropbox\Mestrado EUA\Master Thesis - One Neural Network to r
ule them all\LatexMasters\chapter1.tex"
Chapter 1.

LaTeX Warning: Citation `gibaldi_mla' on page 1 undefined on input line 12.


LaTeX Warning: Citation `APA' on page 1 undefined on input line 12.

[1


]

LaTeX Warning: Citation `rabinowitz_manual_2009' on page 2 undefined on input l
ine 21.


LaTeX Warning: Citation `gibaldi_mla' on page 2 undefined on input line 21.


LaTeX Warning: Citation `APA' on page 2 undefined on input line 21.

[2] <sin_x.jpg, id=36, 271.0125pt x 170.13562pt>
File: sin_x.jpg Graphic file (type jpg)
 <use sin_x.jpg>
Package pdftex.def Info: sin_x.jpg used on input line 30.
(pdftex.def)             Requested size: 252.95291pt x 180.68556pt.
 [3 <C:/Users/Rodrigo/Dropbox/Mestrado EUA/Master Thesis - One Neural Network t
o rule them all/LatexMasters/sin_x.jpg>]) [4]
("C:\Users\Rodrigo\Dropbox\Mestrado EUA\Master Thesis - One Neural Network to r
ule them all\LatexMasters\chapter2.tex"
Chapter 2.
Missing character: There is no Â in font cmr12!
Missing character: There is no ½ in font cmr12!
[5



]
File: sin_x.jpg Graphic file (type jpg)
 <use sin_x.jpg>
Package pdftex.def Info: sin_x.jpg used on input line 27.
(pdftex.def)             Requested size: 271.01183pt x 170.1352pt.
) [6]
Chapter 3.
[7


] [8] [9] <3d-cone.pdf, id=68, 240.86487pt x 137.48564pt>
File: 3d-cone.pdf Graphic file (type pdf)
 <use 3d-cone.pdf>
Package pdftex.def Info: 3d-cone.pdf used on input line 289.
(pdftex.def)             Requested size: 240.86427pt x 137.4853pt.
File: 3d-cone.pdf Graphic file (type pdf)

<use 3d-cone.pdf>
Package pdftex.def Info: 3d-cone.pdf used on input line 300.
(pdftex.def)             Requested size: 542.1394pt x 361.39192pt.
 [10 <C:/Users/Rodrigo/Dropbox/Mestrado EUA/Master Thesis - One Neural Network 
to rule them all/LatexMasters/3d-cone.pdf>] [11]
Chapter 4.
[12

]
Missing character: There is no Â in font cmr12!
Missing character: There is no ½ in font cmr12!
 [13] [14]
Chapter 5.
Missing character: There is no Â in font cmr12!
Missing character: There is no ½ in font cmr12!
[15

] [16] [17]
No file stevensThesis.bbl.

("C:\Users\Rodrigo\Dropbox\Mestrado EUA\Master Thesis - One Neural Network to r
ule them all\LatexMasters\stevensThesis.aux"
("C:\Users\Rodrigo\Dropbox\Mestrado EUA\Master Thesis - One Neural Network to r
ule them all\LatexMasters\chapter1.aux")
("C:\Users\Rodrigo\Dropbox\Mestrado EUA\Master Thesis - One Neural Network to r
ule them all\LatexMasters\chapter2.aux"))

LaTeX Warning: There were undefined references.


LaTeX Warning: Label(s) may have changed. Rerun to get cross-references right.

 ) 
Here is how much of TeX's memory you used:
 1845 strings out of 493921
 24996 string characters out of 3147276
 80615 words of memory out of 3000000
 5117 multiletter control sequences out of 15000+200000
 11543 words of font info for 45 fonts, out of 3000000 for 9000
 841 hyphenation exceptions out of 8191
 27i,12n,43p,657b,288s stack positions out of 5000i,500n,10000p,200000b,50000s
<C:/Program Files/MiKTeX 2.9/fonts/type1/public/amsfonts/cm/cmbx12.pfb><C:/Pr
ogram Files/MiKTeX 2.9/fonts/type1/public/amsfonts/cm/cmex10.pfb><C:/Program Fi
les/MiKTeX 2.9/fonts/type1/public/amsfonts/cm/cmmi10.pfb><C:/Program Files/MiKT
eX 2.9/fonts/type1/public/amsfonts/cm/cmmi12.pfb><C:/Program Files/MiKTeX 2.9/f
onts/type1/public/amsfonts/cm/cmmi8.pfb><C:/Program Files/MiKTeX 2.9/fonts/type
1/public/amsfonts/cm/cmr10.pfb><C:/Program Files/MiKTeX 2.9/fonts/type1/public/
amsfonts/cm/cmr12.pfb><C:/Program Files/MiKTeX 2.9/fonts/type1/public/amsfonts/
cm/cmr17.pfb><C:/Program Files/MiKTeX 2.9/fonts/type1/public/amsfonts/cm/cmr6.p
fb><C:/Program Files/MiKTeX 2.9/fonts/type1/public/amsfonts/cm/cmr7.pfb><C:/Pro
gram Files/MiKTeX 2.9/fonts/type1/public/amsfonts/cm/cmr8.pfb><C:/Program Files
/MiKTeX 2.9/fonts/type1/public/amsfonts/cm/cmsy10.pfb><C:/Program Files/MiKTeX 
2.9/fonts/type1/public/amsfonts/cm/cmsy8.pfb><C:/Program Files/MiKTeX 2.9/fonts
/type1/public/amsfonts/cm/cmti12.pfb>
Output written on stevensThesis.pdf (25 pages, 200962 bytes).
PDF statistics:
 154 PDF objects out of 1000 (max. 8388607)
 0 named destinations out of 1000 (max. 500000)
 11 words of extra memory for PDF output out of 10000 (max. 10000000)

